[2016-01-24 22:18:38] START
[2016-01-24 22:36:40] EDIT SlugStock/models/db.py: 0
[2016-01-24 22:37:33] EDIT SlugStock/models/db.py: -10
[2016-01-24 22:45:01] EDIT SlugStock/models/db.py: 12
[2016-01-24 22:45:35] EDIT SlugStock/models/db.py: 1
[2016-01-24 22:47:38] EDIT SlugStock/models/db.py: 1
[2016-01-24 22:49:29] EDIT SlugStock/models/db.py: 3
[2016-01-24 22:50:35] EDIT SlugStock/models/db.py: -3
[2016-01-24 22:53:22] EDIT SlugStock/models/db.py: 1
[2016-01-24 23:07:59] EDIT SlugStock/models/db.py: 8
[2016-01-24 23:09:33] EDIT SlugStock/models/db.py: 0
[2016-01-24 23:15:38] EDIT SlugStock/models/db.py: 14
[2016-01-24 23:16:16] EDIT SlugStock/models/db.py: 0
[2016-01-24 23:25:29] EDIT SlugStock/models/db.py: 3
[2016-01-24 23:25:46] EDIT SlugStock/models/db.py: 0
[2016-01-24 23:29:18] EDIT SlugStock/models/db.py: 0
[2016-01-24 23:35:47] EDIT SlugStock/models/db.py: 3
[2016-01-24 23:36:00] EDIT SlugStock/models/db.py: 0
[2016-01-24 23:36:02] EDIT SlugStock/models/db.py: 0
[2016-01-25 00:06:25] EDIT SlugStock/models/db.py: 0
[2016-01-25 00:10:31] EDIT SlugStock/models/db.py: 0
[2016-01-30 16:07:27] EDIT SlugStock/controllers/default.py: 0
[2016-01-30 16:08:45] EDIT SlugStock/controllers/default.py: 0
[2016-01-30 16:09:19] EDIT SlugStock/views/default/profile.html: 0
[2016-01-30 16:10:05] EDIT SlugStock/models/db.py: 0
[2016-01-30 16:11:01] EDIT SlugStock/views/default/profile.html: 0
[2016-01-30 16:11:06] EDIT SlugStock/views/default/profile.html: 0
[2016-01-30 16:11:30] EDIT SlugStock/controllers/default.py: 0
[2016-01-30 16:11:44] EDIT SlugStock/controllers/default.py: 0
[2016-01-30 16:12:21] EDIT SlugStock/controllers/default.py: 0
[2016-01-30 16:13:30] EDIT SlugStock/controllers/default.py: 0
[2016-01-30 16:14:04] EDIT SlugStock/views/default/profile.html: 0
[2016-01-30 16:14:30] EDIT SlugStock/views/default/profile.html: 0
[2016-01-30 16:14:43] EDIT SlugStock/views/default/profile.html: 0
[2016-01-30 16:18:12] EDIT SlugStock/controllers/default.py: 1
[2016-01-30 16:19:53] EDIT SlugStock/controllers/default.py: 0
[2016-01-30 16:20:14] EDIT SlugStock/controllers/default.py: 0
[2016-01-30 16:20:45] EDIT SlugStock/controllers/default.py: 0
[2016-01-30 16:24:16] EDIT SlugStock/controllers/default.py: 0
[2016-01-30 16:40:42] EDIT SlugStock/views/default/profile.html: 0
[2016-01-30 16:40:56] EDIT SlugStock/views/default/profile.html: 0
[2016-01-30 16:48:26] EDIT SlugStock/controllers/default.py: 4
[2016-01-30 16:50:55] EDIT SlugStock/controllers/default.py: 0
[2016-01-30 16:50:56] EDIT SlugStock/views/default/profile.html: 0
[2016-01-30 16:51:59] EDIT SlugStock/controllers/default.py: 0
[2016-01-30 16:52:36] EDIT SlugStock/views/default/profile.html: 0
[2016-01-30 16:52:47] EDIT SlugStock/views/default/profile.html: 0
[2016-01-30 16:53:01] EDIT SlugStock/controllers/default.py: 0
[2016-01-30 16:53:03] EDIT SlugStock/controllers/default.py: 0
[2016-01-30 16:53:18] EDIT SlugStock/controllers/default.py: 0
[2016-01-30 16:53:19] EDIT SlugStock/controllers/default.py: 0
[2016-01-30 16:53:27] EDIT SlugStock/views/default/profile.html: 0
[2016-01-30 16:53:28] EDIT SlugStock/views/default/profile.html: 0
